{"C:\\Users\\CEllis\\Documents\\Calculator\\Calculator.js": {"path":"C:\\Users\\CEllis\\Documents\\Calculator\\Calculator.js","statementMap":{"0":{"start":{"line":3,"column":4},"end":{"line":3,"column":19}},"1":{"start":{"line":4,"column":4},"end":{"line":7,"column":6}},"2":{"start":{"line":5,"column":6},"end":{"line":5,"column":32}},"3":{"start":{"line":6,"column":6},"end":{"line":6,"column":18}},"4":{"start":{"line":8,"column":4},"end":{"line":11,"column":6}},"5":{"start":{"line":9,"column":6},"end":{"line":9,"column":32}},"6":{"start":{"line":10,"column":6},"end":{"line":10,"column":18}},"7":{"start":{"line":12,"column":4},"end":{"line":15,"column":6}},"8":{"start":{"line":13,"column":6},"end":{"line":13,"column":32}},"9":{"start":{"line":14,"column":6},"end":{"line":14,"column":18}},"10":{"start":{"line":16,"column":4},"end":{"line":19,"column":6}},"11":{"start":{"line":17,"column":6},"end":{"line":17,"column":32}},"12":{"start":{"line":18,"column":6},"end":{"line":18,"column":18}},"13":{"start":{"line":20,"column":4},"end":{"line":22,"column":6}},"14":{"start":{"line":21,"column":6},"end":{"line":21,"column":22}},"15":{"start":{"line":23,"column":4},"end":{"line":26,"column":6}},"16":{"start":{"line":24,"column":6},"end":{"line":24,"column":19}},"17":{"start":{"line":25,"column":6},"end":{"line":25,"column":18}},"18":{"start":{"line":30,"column":0},"end":{"line":30,"column":28}}},"fnMap":{"0":{"name":"(anonymous_0)","decl":{"start":{"line":2,"column":2},"end":{"line":2,"column":3}},"loc":{"start":{"line":2,"column":19},"end":{"line":27,"column":3}},"line":2},"1":{"name":"(anonymous_1)","decl":{"start":{"line":4,"column":15},"end":{"line":4,"column":16}},"loc":{"start":{"line":4,"column":29},"end":{"line":7,"column":5}},"line":4},"2":{"name":"(anonymous_2)","decl":{"start":{"line":8,"column":15},"end":{"line":8,"column":16}},"loc":{"start":{"line":8,"column":29},"end":{"line":11,"column":5}},"line":8},"3":{"name":"(anonymous_3)","decl":{"start":{"line":12,"column":15},"end":{"line":12,"column":16}},"loc":{"start":{"line":12,"column":29},"end":{"line":15,"column":5}},"line":12},"4":{"name":"(anonymous_4)","decl":{"start":{"line":16,"column":15},"end":{"line":16,"column":16}},"loc":{"start":{"line":16,"column":29},"end":{"line":19,"column":5}},"line":16},"5":{"name":"(anonymous_5)","decl":{"start":{"line":20,"column":18},"end":{"line":20,"column":19}},"loc":{"start":{"line":20,"column":29},"end":{"line":22,"column":5}},"line":20},"6":{"name":"(anonymous_6)","decl":{"start":{"line":23,"column":17},"end":{"line":23,"column":18}},"loc":{"start":{"line":23,"column":28},"end":{"line":26,"column":5}},"line":23}},"branchMap":{},"s":{"0":6,"1":6,"2":1,"3":1,"4":6,"5":1,"6":1,"7":6,"8":1,"9":1,"10":6,"11":1,"12":1,"13":6,"14":6,"15":6,"16":1,"17":1,"18":1},"f":{"0":6,"1":1,"2":1,"3":1,"4":1,"5":6,"6":1},"b":{},"_coverageSchema":"43e27e138ebf9cfc5966b082cf9a028302ed4184","hash":"4cda6537a004a45f307f1b57000908d10ac6391b"}
,"C:\\Users\\CEllis\\Documents\\Calculator\\RPN.js": {"path":"C:\\Users\\CEllis\\Documents\\Calculator\\RPN.js","statementMap":{"0":{"start":{"line":3,"column":4},"end":{"line":39,"column":6}},"1":{"start":{"line":4,"column":6},"end":{"line":38,"column":7}},"2":{"start":{"line":5,"column":20},"end":{"line":5,"column":37}},"3":{"start":{"line":6,"column":19},"end":{"line":6,"column":23}},"4":{"start":{"line":7,"column":21},"end":{"line":7,"column":25}},"5":{"start":{"line":8,"column":8},"end":{"line":34,"column":9}},"6":{"start":{"line":8,"column":21},"end":{"line":8,"column":22}},"7":{"start":{"line":9,"column":23},"end":{"line":9,"column":41}},"8":{"start":{"line":10,"column":10},"end":{"line":33,"column":11}},"9":{"start":{"line":11,"column":12},"end":{"line":26,"column":13}},"10":{"start":{"line":13,"column":16},"end":{"line":13,"column":39}},"11":{"start":{"line":14,"column":16},"end":{"line":14,"column":22}},"12":{"start":{"line":16,"column":16},"end":{"line":16,"column":39}},"13":{"start":{"line":17,"column":16},"end":{"line":17,"column":22}},"14":{"start":{"line":19,"column":16},"end":{"line":19,"column":39}},"15":{"start":{"line":20,"column":16},"end":{"line":20,"column":22}},"16":{"start":{"line":22,"column":16},"end":{"line":22,"column":39}},"17":{"start":{"line":23,"column":16},"end":{"line":23,"column":22}},"18":{"start":{"line":25,"column":16},"end":{"line":25,"column":72}},"19":{"start":{"line":28,"column":12},"end":{"line":32,"column":13}},"20":{"start":{"line":29,"column":14},"end":{"line":29,"column":30}},"21":{"start":{"line":31,"column":14},"end":{"line":31,"column":28}},"22":{"start":{"line":35,"column":8},"end":{"line":35,"column":22}},"23":{"start":{"line":37,"column":8},"end":{"line":37,"column":17}},"24":{"start":{"line":43,"column":0},"end":{"line":43,"column":21}}},"fnMap":{"0":{"name":"(anonymous_0)","decl":{"start":{"line":2,"column":2},"end":{"line":2,"column":3}},"loc":{"start":{"line":2,"column":16},"end":{"line":40,"column":3}},"line":2},"1":{"name":"(anonymous_1)","decl":{"start":{"line":3,"column":15},"end":{"line":3,"column":16}},"loc":{"start":{"line":3,"column":25},"end":{"line":39,"column":5}},"line":3}},"branchMap":{"0":{"loc":{"start":{"line":4,"column":6},"end":{"line":38,"column":7}},"type":"if","locations":[{"start":{"line":4,"column":6},"end":{"line":38,"column":7}},{"start":{"line":4,"column":6},"end":{"line":38,"column":7}}],"line":4},"1":{"loc":{"start":{"line":10,"column":10},"end":{"line":33,"column":11}},"type":"if","locations":[{"start":{"line":10,"column":10},"end":{"line":33,"column":11}},{"start":{"line":10,"column":10},"end":{"line":33,"column":11}}],"line":10},"2":{"loc":{"start":{"line":11,"column":12},"end":{"line":26,"column":13}},"type":"switch","locations":[{"start":{"line":12,"column":14},"end":{"line":14,"column":22}},{"start":{"line":15,"column":14},"end":{"line":17,"column":22}},{"start":{"line":18,"column":14},"end":{"line":20,"column":22}},{"start":{"line":21,"column":14},"end":{"line":23,"column":22}},{"start":{"line":24,"column":14},"end":{"line":25,"column":72}}],"line":11},"3":{"loc":{"start":{"line":28,"column":12},"end":{"line":32,"column":13}},"type":"if","locations":[{"start":{"line":28,"column":12},"end":{"line":32,"column":13}},{"start":{"line":28,"column":12},"end":{"line":32,"column":13}}],"line":28}},"s":{"0":6,"1":6,"2":5,"3":5,"4":5,"5":5,"6":5,"7":15,"8":15,"9":5,"10":1,"11":1,"12":1,"13":1,"14":1,"15":1,"16":1,"17":1,"18":1,"19":10,"20":5,"21":5,"22":4,"23":1,"24":1},"f":{"0":6,"1":6},"b":{"0":[5,1],"1":[5,10],"2":[1,1,1,1,1],"3":[5,5]},"_coverageSchema":"43e27e138ebf9cfc5966b082cf9a028302ed4184","hash":"e85eea4ac750fbaa7a0c02d94a393ca5a73a1b8b"}
}
