TN:
SF:C:\Users\CEllis\Documents\Calculator\Calculator.js
FN:2,(anonymous_0)
FN:4,(anonymous_1)
FN:8,(anonymous_2)
FN:12,(anonymous_3)
FN:16,(anonymous_4)
FN:20,(anonymous_5)
FN:23,(anonymous_6)
FNF:7
FNH:7
FNDA:6,(anonymous_0)
FNDA:1,(anonymous_1)
FNDA:1,(anonymous_2)
FNDA:1,(anonymous_3)
FNDA:1,(anonymous_4)
FNDA:6,(anonymous_5)
FNDA:1,(anonymous_6)
DA:3,6
DA:4,6
DA:5,1
DA:6,1
DA:8,6
DA:9,1
DA:10,1
DA:12,6
DA:13,1
DA:14,1
DA:16,6
DA:17,1
DA:18,1
DA:20,6
DA:21,6
DA:23,6
DA:24,1
DA:25,1
DA:30,1
LF:19
LH:19
BRF:0
BRH:0
end_of_record
TN:
SF:C:\Users\CEllis\Documents\Calculator\RPN.js
FN:2,(anonymous_0)
FN:3,(anonymous_1)
FNF:2
FNH:2
FNDA:7,(anonymous_0)
FNDA:7,(anonymous_1)
DA:3,7
DA:4,7
DA:5,6
DA:6,6
DA:7,6
DA:8,6
DA:9,25
DA:10,25
DA:11,8
DA:13,2
DA:14,2
DA:16,2
DA:17,2
DA:19,1
DA:20,1
DA:22,2
DA:23,2
DA:25,1
DA:28,17
DA:29,6
DA:31,11
DA:35,5
DA:37,1
DA:43,1
DA:46,1
DA:47,1
LF:26
LH:26
BRDA:4,0,0,6
BRDA:4,0,1,1
BRDA:10,1,0,8
BRDA:10,1,1,17
BRDA:11,2,0,2
BRDA:11,2,1,2
BRDA:11,2,2,1
BRDA:11,2,3,2
BRDA:11,2,4,1
BRDA:28,3,0,6
BRDA:28,3,1,11
BRF:11
BRH:11
end_of_record
